<?xml version="1.0" encoding="UTF-8"?>
<!-- Generated by org.testng.reporters.JUnitXMLReporter -->
<testsuite hostname="RJR-SudarKoks" ignored="1" name="Test" tests="11" failures="2" timestamp="05 May 2021 16:23:37 GMT" time="0.196" errors="0">
  <testcase name="test1" time="0.025" classname="org.testNG.Sample1"/>
  <testcase name="test1" time="0.006" classname="org.testNG.Sampleforassert">
    <failure type="java.lang.AssertionError" message="verifypassword expected [true] but found [false]">
      <![CDATA[java.lang.AssertionError: verifypassword expected [true] but found [false]
at org.testNG.Sampleforassert.test1(Sampleforassert.java:10)
... Removed 28 stack frames]]>
    </failure>
  </testcase> <!-- test1 -->
  <testcase name="test2" time="0.002" classname="org.testNG.Sampleforassert"/>
  <testcase name="test1" time="0.025" classname="org.testNG.softassert1">
    <failure type="java.lang.AssertionError" message="The following asserts failed:
	verifypassword expected [true] but found [false],
	verifypayment expected [true] but found [false],
	verifytextbos expected [Greens] but found [java]">
      <![CDATA[java.lang.AssertionError: The following asserts failed:
verifypassword expected [true] but found [false],
verifypayment expected [true] but found [false],
verifytextbos expected [Greens] but found [java]
at org.testNG.softassert1.test1(softassert1.java:19)
... Removed 26 stack frames]]>
    </failure>
  </testcase> <!-- test1 -->
  <testcase name="test2" time="0.002" classname="org.testNG.softassert1"/>
  <testcase name="test10" time="0.002" classname="org.testNG.Test1"/>
  <testcase name="test11" time="0.002" classname="org.testNG.Test1"/>
  <testcase name="test12" time="0.002" classname="org.testNG.Test1"/>
  <testcase name="test13" time="0.002" classname="org.testNG.Test1"/>
  <testcase name="test15" time="0.002" classname="org.testNG.Test1"/>
  <testcase name="test2" time="0.006" classname="org.testNG.Test1"/>
  <testcase name="test14" time="0.0" classname="org.testNG.Test1">
    <ignored/>
  </testcase> <!-- test14 -->
</testsuite> <!-- Test -->
