<?xml version="1.0" encoding="UTF-8"?>
<testng-results skipped="0" failed="0" ignored="0" total="1" passed="1">
  <reporter-output>
  </reporter-output>
  <suite name="Default suite" duration-ms="19010" started-at="2021-05-05T16:44:22Z" finished-at="2021-05-05T16:44:41Z">
    <groups>
    </groups>
    <test name="Default test" duration-ms="19010" started-at="2021-05-05T16:44:22Z" finished-at="2021-05-05T16:44:41Z">
      <class name="org.testNG.Dataprovider1">
        <test-method status="PASS" signature="setup()[pri:0, instance:org.testNG.Dataprovider1@3c0ecd4b]" name="setup" is-config="true" duration-ms="18957" started-at="2021-05-05T16:44:22Z" finished-at="2021-05-05T16:44:41Z">
          <reporter-output>
          </reporter-output>
        </test-method> <!-- setup -->
        <test-method status="PASS" signature="tam()[pri:0, instance:org.testNG.Dataprovider1@3c0ecd4b]" name="tam" duration-ms="9" started-at="2021-05-05T16:44:41Z" finished-at="2021-05-05T16:44:41Z">
          <reporter-output>
          </reporter-output>
        </test-method> <!-- tam -->
      </class> <!-- org.testNG.Dataprovider1 -->
    </test> <!-- Default test -->
  </suite> <!-- Default suite -->
</testng-results>
